<?xml version="1.0" encoding="UTF-8"?>
<!-- Generated by org.testng.reporters.JUnitReportReporter -->
<testsuite hostname="LAPTOP-EMRKA2TJ" failures="0" tests="10" name="tests.LoginPageTest" time="35.830" errors="0" timestamp="2025-02-25T11:46:38 CET" skipped="0">
  <testcase classname="tests.LoginPageTest" name="verifyLoginFunctionality" time="3.902"/>
  <testcase classname="tests.LoginPageTest" name="verifyLogo" time="2.921"/>
  <testcase classname="tests.LoginPageTest" name="verifyLoginFunctionality" time="5.560"/>
  <testcase classname="tests.LoginPageTest" name="verifyItemAdded" time="3.044"/>
  <testcase classname="tests.LoginPageTest" name="verifyLoginFunctionality" time="3.080"/>
  <testcase classname="tests.LoginPageTest" name="verifyPageTitle" time="3.284"/>
  <testcase classname="tests.LoginPageTest" name="verifyLoginFunctionality" time="3.332"/>
  <testcase classname="tests.LoginPageTest" name="verifyURL" time="3.737"/>
  <testcase classname="tests.LoginPageTest" name="verifyLoginFunctionality" time="3.311"/>
  <testcase classname="tests.LoginPageTest" name="verifyLoginFunctionality" time="3.659"/>
</testsuite> <!-- tests.LoginPageTest -->
