<?xml version="1.0" encoding="UTF-8"?>
<!-- Generated by org.testng.reporters.JUnitReportReporter -->
<testsuite hostname="LAPTOP-EMRKA2TJ" failures="0" tests="11" name="tests.LoginPageTest" time="92.584" errors="0" timestamp="2025-05-08T11:00:23 CEST" skipped="0">
  <testcase classname="tests.LoginPageTest" name="verifyItemAddedOrderPlaced" time="8.260"/>
  <testcase classname="tests.LoginPageTest" name="verifyURL" time="3.310"/>
  <testcase classname="tests.LoginPageTest" name="verifyLoginFunctionality" time="4.086"/>
  <testcase classname="tests.LoginPageTest" name="verifyLoginFunctionality" time="4.219"/>
  <testcase classname="tests.LoginPageTest" name="verifyLoginFunctionality" time="3.488"/>
  <testcase classname="tests.LoginPageTest" name="verifyPageTitle" time="3.675"/>
  <testcase classname="tests.LoginPageTest" name="verifyLoginFunctionality" time="4.323"/>
  <testcase classname="tests.LoginPageTest" name="verifyLoginFunctionality" time="4.025"/>
  <testcase classname="tests.LoginPageTest" name="verifyCheckoutInfo" time="47.622"/>
  <testcase classname="tests.LoginPageTest" name="verifyLogo" time="5.722"/>
  <testcase classname="tests.LoginPageTest" name="verifyLoginFunctionality" time="3.854"/>
</testsuite> <!-- tests.LoginPageTest -->
