<?xml version="1.0" encoding="UTF-8"?>
<!-- Generated by org.testng.reporters.JUnitReportReporter -->
<testsuite hostname="LAPTOP-EMRKA2TJ" failures="0" tests="11" name="tests.LoginPageTest" time="47.525" errors="0" timestamp="2025-04-24T13:38:41 CEST" skipped="0">
  <testcase classname="tests.LoginPageTest" name="verifyLoginFunctionality" time="3.718"/>
  <testcase classname="tests.LoginPageTest" name="verifyLoginFunctionality" time="3.969"/>
  <testcase classname="tests.LoginPageTest" name="verifyLoginFunctionality" time="3.857"/>
  <testcase classname="tests.LoginPageTest" name="verifyLoginFunctionality" time="4.641"/>
  <testcase classname="tests.LoginPageTest" name="verifyPageTitle" time="3.105"/>
  <testcase classname="tests.LoginPageTest" name="verifyCheckoutInfo" time="5.446"/>
  <testcase classname="tests.LoginPageTest" name="verifyURL" time="6.238"/>
  <testcase classname="tests.LoginPageTest" name="verifyLogo" time="3.450"/>
  <testcase classname="tests.LoginPageTest" name="verifyItemAddedOrderPlaced" time="5.630"/>
  <testcase classname="tests.LoginPageTest" name="verifyLoginFunctionality" time="4.123"/>
  <testcase classname="tests.LoginPageTest" name="verifyLoginFunctionality" time="3.348"/>
</testsuite> <!-- tests.LoginPageTest -->
