<?xml version="1.0" encoding="UTF-8"?>
<!-- Generated by org.testng.reporters.JUnitReportReporter -->
<testsuite hostname="LAPTOP-EMRKA2TJ" failures="0" tests="11" name="tests.LoginPageTest" time="46.814" errors="0" timestamp="2025-04-24T09:22:01 CEST" skipped="0">
  <testcase classname="tests.LoginPageTest" name="verifyLoginFunctionality" time="4.675"/>
  <testcase classname="tests.LoginPageTest" name="verifyLoginFunctionality" time="3.859"/>
  <testcase classname="tests.LoginPageTest" name="verifyPageTitle" time="6.293"/>
  <testcase classname="tests.LoginPageTest" name="verifyLogo" time="3.446"/>
  <testcase classname="tests.LoginPageTest" name="verifyLoginFunctionality" time="3.614"/>
  <testcase classname="tests.LoginPageTest" name="verifyLoginFunctionality" time="3.694"/>
  <testcase classname="tests.LoginPageTest" name="verifyURL" time="3.065"/>
  <testcase classname="tests.LoginPageTest" name="verifyCheckoutInfo" time="4.824"/>
  <testcase classname="tests.LoginPageTest" name="verifyItemAddedOrderPlaced" time="5.683"/>
  <testcase classname="tests.LoginPageTest" name="verifyLoginFunctionality" time="3.539"/>
  <testcase classname="tests.LoginPageTest" name="verifyLoginFunctionality" time="4.122"/>
</testsuite> <!-- tests.LoginPageTest -->
