<?xml version="1.0" encoding="UTF-8"?>
<!-- Generated by org.testng.reporters.JUnitReportReporter -->
<testsuite hostname="LAPTOP-EMRKA2TJ" failures="0" tests="9" name="tests.LoginPageTest" time="43.615" errors="0" timestamp="2025-06-10T23:09:15 CEST" skipped="0">
  <testcase classname="tests.LoginPageTest" name="verifyLoginFunctionality" time="4.058"/>
  <testcase classname="tests.LoginPageTest" name="verifyLoginFunctionality" time="3.814"/>
  <testcase classname="tests.LoginPageTest" name="verifyLoginFunctionality" time="3.566"/>
  <testcase classname="tests.LoginPageTest" name="verifyCheckoutInfo" time="7.145"/>
  <testcase classname="tests.LoginPageTest" name="verifyLoginFunctionality" time="3.814"/>
  <testcase classname="tests.LoginPageTest" name="verifyItemAddedOrderPlaced" time="10.259"/>
  <testcase classname="tests.LoginPageTest" name="verifyLoginFunctionality" time="3.532"/>
  <testcase classname="tests.LoginPageTest" name="verifyLoginFunctionality" time="4.119"/>
  <testcase classname="tests.LoginPageTest" name="verifyURL" time="3.308"/>
</testsuite> <!-- tests.LoginPageTest -->
