<?xml version="1.0" encoding="UTF-8"?>
<!-- Generated by org.testng.reporters.JUnitReportReporter -->
<testsuite hostname="LAPTOP-EMRKA2TJ" failures="0" tests="11" name="tests.LoginPageTest" time="47.482" errors="0" timestamp="2025-03-03T09:22:46 CET" skipped="0">
  <testcase classname="tests.LoginPageTest" name="verifyLoginFunctionality" time="4.177"/>
  <testcase classname="tests.LoginPageTest" name="verifyURL" time="3.347"/>
  <testcase classname="tests.LoginPageTest" name="verifyLoginFunctionality" time="4.094"/>
  <testcase classname="tests.LoginPageTest" name="verifyCheckoutInfo" time="7.244"/>
  <testcase classname="tests.LoginPageTest" name="verifyPageTitle" time="3.226"/>
  <testcase classname="tests.LoginPageTest" name="verifyLoginFunctionality" time="3.750"/>
  <testcase classname="tests.LoginPageTest" name="verifyLogo" time="3.425"/>
  <testcase classname="tests.LoginPageTest" name="verifyLoginFunctionality" time="4.381"/>
  <testcase classname="tests.LoginPageTest" name="verifyItemAddedOrderPlaced" time="5.724"/>
  <testcase classname="tests.LoginPageTest" name="verifyLoginFunctionality" time="3.983"/>
  <testcase classname="tests.LoginPageTest" name="verifyLoginFunctionality" time="4.131"/>
</testsuite> <!-- tests.LoginPageTest -->
